Build started 1/19/2015 10:11:31 PM.
     1>Project "C:\Users\nzbq9t\Dropbox\Game We are Making\Class Wars\Game Engine\Game Engine.vcxproj" on node 2 (Build target(s)).
     1>ClCompile:
         C:\Program Files (x86)\Microsoft Visual Studio 12.0\VC\bin\CL.exe /c /ZI /nologo /W3 /WX- /sdl /Od /Oy- /D SLGE_EXPORT /D _WINDLL /D _MBCS /Gm /EHsc /RTC1 /MD /GS /fp:precise /Zc:wchar_t /Zc:forScope /Fo"Debug\\" /Fd"Debug\vc120.pdb" /Gd /TP /analyze- /errorReport:prompt DllMaincpp.cpp Entity.cpp NPC.cpp Object.cpp Timer.cpp UI.cpp Window.cpp
         Window.cpp
         Object.cpp
         Entity.cpp
     1>c:\users\nzbq9t\dropbox\game we are making\class wars\game engine\entity.cpp(60): error C2065: 'Interactable' : undeclared identifier
     1>c:\users\nzbq9t\dropbox\game we are making\class wars\game engine\entity.cpp(224): error C2065: 'Interactable' : undeclared identifier
     1>c:\users\nzbq9t\dropbox\game we are making\class wars\game engine\entity.cpp(225): error C2065: 'Depth' : undeclared identifier
         Generating Code...
         Compiling...
         UI.cpp
         Timer.cpp
     1>c:\users\nzbq9t\dropbox\game we are making\class wars\game engine\timer.cpp(63): warning C4244: 'argument' : conversion from 'long double' to 'Uint32', possible loss of data
         NPC.cpp
         DllMaincpp.cpp
         Generating Code...
     1>Done Building Project "C:\Users\nzbq9t\Dropbox\Game We are Making\Class Wars\Game Engine\Game Engine.vcxproj" (Build target(s)) -- FAILED.

Build FAILED.

Time Elapsed 00:00:05.26
